This file contains any messages produced by compilers while
running configure, to aid debugging if configure makes a mistake.

It was created by MIT/GNU Scheme documentation configure 9.2, which was
generated by GNU Autoconf 2.69.  Invocation command line was

  $ /home/nedlo/scheme/mit-scheme-9.2/doc/configure 

## --------- ##
## Platform. ##
## --------- ##

hostname = nedlo-Lenovo-G510
uname -m = x86_64
uname -r = 4.10.0-38-generic
uname -s = Linux
uname -v = #42~16.04.1-Ubuntu SMP Tue Oct 10 16:32:20 UTC 2017

/usr/bin/uname -p = unknown
/bin/uname -X     = unknown

/bin/arch              = unknown
/usr/bin/arch -k       = unknown
/usr/convex/getsysinfo = unknown
/usr/bin/hostinfo      = unknown
/bin/machine           = unknown
/usr/bin/oslevel       = unknown
/bin/universe          = unknown

PATH: /home/nedlo/bin
PATH: /home/nedlo/.local/bin
PATH: /usr/local/sbin
PATH: /usr/local/bin
PATH: /usr/sbin
PATH: /usr/bin
PATH: /sbin
PATH: /bin
PATH: /usr/games
PATH: /usr/local/games


## ----------- ##
## Core tests. ##
## ----------- ##

configure:1778: checking for a BSD-compatible install
configure:1846: result: /usr/bin/install -c
configure:1857: checking whether ln -s works
configure:1861: result: yes
configure:1868: checking whether make sets $(MAKE)
configure:1890: result: yes
configure:2105: creating ./config.status

## ---------------------- ##
## Running config.status. ##
## ---------------------- ##

This file was extended by MIT/GNU Scheme documentation config.status 9.2, which was
generated by GNU Autoconf 2.69.  Invocation command line was

  CONFIG_FILES    = 
  CONFIG_HEADERS  = 
  CONFIG_LINKS    = 
  CONFIG_COMMANDS = 
  $ ./config.status 

on nedlo-Lenovo-G510

config.status:725: creating Makefile
config.status:725: creating make-common
config.status:725: creating ffi/Makefile
config.status:725: creating imail/Makefile
config.status:725: creating ref-manual/Makefile
config.status:725: creating sos/Makefile
config.status:725: creating user-manual/Makefile

## ---------------- ##
## Cache variables. ##
## ---------------- ##

ac_cv_env_build_alias_set=
ac_cv_env_build_alias_value=
ac_cv_env_host_alias_set=
ac_cv_env_host_alias_value=
ac_cv_env_target_alias_set=
ac_cv_env_target_alias_value=
ac_cv_path_install='/usr/bin/install -c'
ac_cv_prog_make_make_set=yes

## ----------------- ##
## Output variables. ##
## ----------------- ##

DEFS='-DPACKAGE_NAME=\"MIT/GNU\ Scheme\ documentation\" -DPACKAGE_TARNAME=\"mit-scheme-doc\" -DPACKAGE_VERSION=\"9.2\" -DPACKAGE_STRING=\"MIT/GNU\ Scheme\ documentation\ 9.2\" -DPACKAGE_BUGREPORT=\"bug-mit-scheme@gnu.org\" -DPACKAGE_URL=\"\"'
ECHO_C=''
ECHO_N='-n'
ECHO_T=''
INSTALL_DATA='${INSTALL} -m 644'
INSTALL_PROGRAM='${INSTALL}'
INSTALL_SCRIPT='${INSTALL}'
INST_TARGETS=' install-html install-pdf install-ps'
LIBOBJS=''
LIBS=''
LN_S='ln -s'
LTLIBOBJS=''
PACKAGE_BUGREPORT='bug-mit-scheme@gnu.org'
PACKAGE_NAME='MIT/GNU Scheme documentation'
PACKAGE_STRING='MIT/GNU Scheme documentation 9.2'
PACKAGE_TARNAME='mit-scheme-doc'
PACKAGE_URL=''
PACKAGE_VERSION='9.2'
PATH_SEPARATOR=':'
SET_MAKE=''
SHELL='/bin/bash'
bindir='${exec_prefix}/bin'
build_alias=''
datadir='${datarootdir}'
datarootdir='${prefix}/share'
docdir='${datarootdir}/doc/${PACKAGE_TARNAME}'
dvidir='${docdir}'
exec_prefix='${prefix}'
host_alias=''
htmldir='${exec_prefix}/lib/mit-scheme/doc'
includedir='${prefix}/include'
infodir='${datarootdir}/info'
libdir='${exec_prefix}/lib'
libexecdir='${exec_prefix}/libexec'
localedir='${datarootdir}/locale'
localstatedir='${prefix}/var'
mandir='${datarootdir}/man'
oldincludedir='/usr/include'
pdfdir='${exec_prefix}/lib/mit-scheme/doc'
prefix='/usr/local'
program_transform_name='s,x,x,'
psdir='${exec_prefix}/lib/mit-scheme/doc'
sbindir='${exec_prefix}/sbin'
sharedstatedir='${prefix}/com'
sysconfdir='${prefix}/etc'
target_alias=''

## ----------- ##
## confdefs.h. ##
## ----------- ##

/* confdefs.h */
#define PACKAGE_NAME "MIT/GNU Scheme documentation"
#define PACKAGE_TARNAME "mit-scheme-doc"
#define PACKAGE_VERSION "9.2"
#define PACKAGE_STRING "MIT/GNU Scheme documentation 9.2"
#define PACKAGE_BUGREPORT "bug-mit-scheme@gnu.org"
#define PACKAGE_URL ""

configure: exit 0
